2019-09-10 21:52:00,059 - INFO - Starting crawling process...
2019-09-10 21:52:22,781 - INFO - Ending
2019-09-10 21:53:35,015 - INFO - Starting crawling process...
2019-09-10 21:54:13,978 - INFO - Starting crawling process...
2019-09-10 21:54:46,542 - INFO - Ending
2019-09-10 22:02:35,522 - INFO - Starting crawling process...
2019-09-10 22:03:11,320 - INFO - Starting crawling process...
2019-09-10 22:03:33,750 - INFO - Starting crawling process...
2019-09-10 22:04:57,608 - INFO - Starting crawling process...
2019-09-10 22:12:50,419 - INFO - Starting crawling process...
2019-09-10 22:19:08,339 - INFO - Starting crawling process...
2019-09-10 22:19:08,421 - INFO - 0 <stock_symbol.StockSymbol object at 0x0000019557E26C18> 
2019-09-10 22:19:11,471 - INFO - 0 <stock_symbol.StockSymbol object at 0x0000019557E26C50> 
2019-09-10 22:19:28,785 - INFO - Starting crawling process...
2019-09-10 22:19:28,856 - INFO - 0 DDD 
2019-09-10 22:19:30,975 - INFO - 0 MMM 
2019-09-10 22:19:32,687 - INFO - 0 WBAI 
2019-09-10 22:19:34,398 - INFO - 0 WUBA 
2019-09-10 22:19:35,806 - INFO - 0 EGHT 
2019-09-10 22:19:37,959 - INFO - 0 AHC 
2019-09-10 22:19:39,628 - INFO - 0 AOS 
2019-09-10 22:19:41,337 - INFO - 0 ATEN 
2019-09-10 22:20:07,011 - INFO - Starting crawling process...
2019-09-10 22:20:07,081 - INFO - 0 DDD 
2019-09-10 22:20:09,186 - INFO - 1 MMM 
2019-09-10 22:20:11,011 - INFO - 2 WBAI 
2019-09-10 22:20:12,836 - INFO - 3 WUBA 
2019-09-10 22:20:15,024 - INFO - 4 EGHT 
2019-09-10 22:20:17,458 - INFO - 5 AHC 
2019-09-10 22:20:19,115 - INFO - 6 AOS 
2019-09-10 22:20:20,720 - INFO - 7 ATEN 
2019-09-10 22:20:22,438 - INFO - 8 AAC 
2019-09-10 22:20:24,393 - INFO - 9 AIR 
2019-09-10 22:20:26,368 - INFO - 10 AAN 
2019-09-10 22:20:27,904 - INFO - 11 ABB 
2019-09-10 22:20:30,162 - INFO - 12 ABT 
2019-09-10 22:20:32,049 - INFO - 13 ABBV 
2019-09-10 22:20:34,046 - INFO - 14 ANF 
2019-09-10 22:20:36,904 - INFO - 15 AGD 
2019-09-10 22:24:58,975 - INFO - Starting crawling process...
2019-09-10 22:35:55,323 - INFO - Starting crawling process...
2019-09-10 22:35:59,989 - ERROR - Error while generating ...
multiprocessing.pool.RemoteTraceback: 
"""
Traceback (most recent call last):
  File "C:\ProgramData\Anaconda3\lib\multiprocessing\pool.py", line 121, in worker
    result = (True, func(*args, **kwds))
  File "C:\ProgramData\Anaconda3\lib\multiprocessing\pool.py", line 44, in mapstar
    return list(map(*args))
TypeError: download_page() missing 1 required positional argument: 'stock_symbol'
"""

The above exception was the direct cause of the following exception:

Traceback (most recent call last):
  File "C:/Development/stocks_crawler/src/crawler_app.py", line 42, in run
    p.map(download_page, stock_symbols)
  File "C:\ProgramData\Anaconda3\lib\multiprocessing\pool.py", line 268, in map
    return self._map_async(func, iterable, mapstar, chunksize).get()
  File "C:\ProgramData\Anaconda3\lib\multiprocessing\pool.py", line 657, in get
    raise self._value
TypeError: download_page() missing 1 required positional argument: 'stock_symbol'
2019-09-10 22:39:12,231 - INFO - Starting crawling process...
2019-09-10 22:39:31,769 - INFO - Starting crawling process...
2019-09-10 22:40:39,427 - INFO - Starting crawling process...
2019-09-10 22:41:56,719 - INFO - Starting crawling process...
2019-09-10 22:42:20,568 - INFO - Starting crawling process...
2019-09-15 10:12:17,099 - INFO - Starting crawling process...
2019-09-15 19:44:17,583 - INFO - Starting crawling process...
2019-09-15 19:46:15,088 - INFO - Starting crawling process...
2019-09-15 19:49:02,066 - INFO - Starting crawling process...
2019-09-15 19:50:04,577 - INFO - Starting crawling process...
2019-09-15 19:52:05,312 - INFO - Starting crawling process...
